<?xml version="1.0" encoding="UTF-8"?>
<testng-results ignored="0" total="3" passed="2" failed="1" skipped="0">
  <reporter-output>
  </reporter-output>
  <suite started-at="2024-05-28T08:37:15 IST" name="Suite" finished-at="2024-05-28T08:37:36 IST" duration-ms="20278">
    <groups>
    </groups>
    <test started-at="2024-05-28T08:37:15 IST" name="Test" finished-at="2024-05-28T08:37:36 IST" duration-ms="20278">
      <class name="testcases_CURA.TC_LoginPage_CURA2">
        <test-method is-config="true" signature="setup()[pri:0, instance:testcases_CURA.TC_LoginPage_CURA2@3d620a1]" started-at="2024-05-28T08:37:28 IST" name="setup" finished-at="2024-05-28T08:37:34 IST" duration-ms="6302" status="PASS">
          <reporter-output>
          </reporter-output>
        </test-method> <!-- setup -->
        <test-method signature="logintest()[pri:0, instance:testcases_CURA.TC_LoginPage_CURA2@3d620a1]" started-at="2024-05-28T08:37:34 IST" name="logintest" finished-at="2024-05-28T08:37:35 IST" duration-ms="950" status="PASS">
          <reporter-output>
          </reporter-output>
        </test-method> <!-- logintest -->
        <test-method is-config="true" signature="close()[pri:0, instance:testcases_CURA.TC_LoginPage_CURA2@3d620a1]" started-at="2024-05-28T08:37:35 IST" name="close" finished-at="2024-05-28T08:37:36 IST" duration-ms="160" status="PASS">
          <reporter-output>
          </reporter-output>
        </test-method> <!-- close -->
      </class> <!-- testcases_CURA.TC_LoginPage_CURA2 -->
      <class name="testcases_CURA.TC_homepage">
        <test-method is-config="true" signature="setup()[pri:0, instance:testcases_CURA.TC_homepage@7061622]" started-at="2024-05-28T08:37:16 IST" name="setup" finished-at="2024-05-28T08:37:21 IST" duration-ms="5852" status="PASS">
          <reporter-output>
          </reporter-output>
        </test-method> <!-- setup -->
        <test-method signature="hp_button_verify()[pri:1, instance:testcases_CURA.TC_homepage@7061622]" started-at="2024-05-28T08:37:21 IST" name="hp_button_verify" finished-at="2024-05-28T08:37:22 IST" duration-ms="647" status="PASS">
          <reporter-output>
          </reporter-output>
        </test-method> <!-- hp_button_verify -->
        <test-method is-config="true" signature="close()[pri:0, instance:testcases_CURA.TC_homepage@7061622]" started-at="2024-05-28T08:37:22 IST" name="close" finished-at="2024-05-28T08:37:22 IST" duration-ms="156" status="PASS">
          <reporter-output>
          </reporter-output>
        </test-method> <!-- close -->
        <test-method is-config="true" signature="setup()[pri:0, instance:testcases_CURA.TC_homepage@7061622]" started-at="2024-05-28T08:37:22 IST" name="setup" finished-at="2024-05-28T08:37:27 IST" duration-ms="5114" status="PASS">
          <reporter-output>
          </reporter-output>
        </test-method> <!-- setup -->
        <test-method signature="hp_verify()[pri:2, instance:testcases_CURA.TC_homepage@7061622]" started-at="2024-05-28T08:37:27 IST" name="hp_verify" finished-at="2024-05-28T08:37:28 IST" duration-ms="183" status="FAIL">
          <exception class="java.lang.AssertionError">
            <message>
              <![CDATA[expected [We Care About Your Health-9999999] but found [We Care About Your Health]]]>
            </message>
            <full-stacktrace>
              <![CDATA[java.lang.AssertionError: expected [We Care About Your Health-9999999] but found [We Care About Your Health]
at org.testng.Assert.fail(Assert.java:111)
at org.testng.Assert.failNotEquals(Assert.java:1578)
at org.testng.Assert.assertEqualsImpl(Assert.java:150)
at org.testng.Assert.assertEquals(Assert.java:132)
at org.testng.Assert.assertEquals(Assert.java:656)
at org.testng.Assert.assertEquals(Assert.java:666)
at testcases_CURA.TC_homepage.hp_verify(TC_homepage.java:39)
at java.base/jdk.internal.reflect.DirectMethodHandleAccessor.invoke(DirectMethodHandleAccessor.java:104)
at java.base/java.lang.reflect.Method.invoke(Method.java:578)
at org.testng.internal.invokers.MethodInvocationHelper.invokeMethod(MethodInvocationHelper.java:139)
at org.testng.internal.invokers.TestInvoker.invokeMethod(TestInvoker.java:664)
at org.testng.internal.invokers.TestInvoker.invokeTestMethod(TestInvoker.java:227)
at org.testng.internal.invokers.MethodRunner.runInSequence(MethodRunner.java:50)
at org.testng.internal.invokers.TestInvoker$MethodInvocationAgent.invoke(TestInvoker.java:957)
at org.testng.internal.invokers.TestInvoker.invokeTestMethods(TestInvoker.java:200)
at org.testng.internal.invokers.TestMethodWorker.invokeTestMethods(TestMethodWorker.java:148)
at org.testng.internal.invokers.TestMethodWorker.run(TestMethodWorker.java:128)
at java.base/java.util.ArrayList.forEach(ArrayList.java:1511)
at org.testng.TestRunner.privateRun(TestRunner.java:848)
at org.testng.TestRunner.run(TestRunner.java:621)
at org.testng.SuiteRunner.runTest(SuiteRunner.java:443)
at org.testng.SuiteRunner.runSequentially(SuiteRunner.java:437)
at org.testng.SuiteRunner.privateRun(SuiteRunner.java:397)
at org.testng.SuiteRunner.run(SuiteRunner.java:336)
at org.testng.SuiteRunnerWorker.runSuite(SuiteRunnerWorker.java:52)
at org.testng.SuiteRunnerWorker.run(SuiteRunnerWorker.java:95)
at org.testng.TestNG.runSuitesSequentially(TestNG.java:1280)
at org.testng.TestNG.runSuitesLocally(TestNG.java:1200)
at org.testng.TestNG.runSuites(TestNG.java:1114)
at org.testng.TestNG.run(TestNG.java:1082)
at org.testng.remote.AbstractRemoteTestNG.run(AbstractRemoteTestNG.java:115)
at org.testng.remote.RemoteTestNG.initAndRun(RemoteTestNG.java:251)
at org.testng.remote.RemoteTestNG.main(RemoteTestNG.java:77)
]]>
            </full-stacktrace>
          </exception> <!-- java.lang.AssertionError -->
          <reporter-output>
          </reporter-output>
        </test-method> <!-- hp_verify -->
        <test-method is-config="true" signature="close()[pri:0, instance:testcases_CURA.TC_homepage@7061622]" started-at="2024-05-28T08:37:28 IST" name="close" finished-at="2024-05-28T08:37:28 IST" duration-ms="145" status="PASS">
          <reporter-output>
          </reporter-output>
        </test-method> <!-- close -->
      </class> <!-- testcases_CURA.TC_homepage -->
    </test> <!-- Test -->
  </suite> <!-- Suite -->
</testng-results>
